<?xml version="1.0" encoding="UTF-8"?>
<testng-results ignored="0" total="1" passed="1" failed="0" skipped="0">
  <reporter-output>
  </reporter-output>
  <suite started-at="2023-11-28T11:26:33 IST" name="Default suite" finished-at="2023-11-28T11:26:38 IST" duration-ms="4509">
    <groups>
    </groups>
    <test started-at="2023-11-28T11:26:33 IST" name="Default test" finished-at="2023-11-28T11:26:38 IST" duration-ms="4509">
      <class name="folder.P1">
        <test-method signature="getdataFromParam()[pri:0, instance:folder.P1@3f6b0be5]" started-at="2023-11-28T11:26:33 IST" name="getdataFromParam" finished-at="2023-11-28T11:26:38 IST" duration-ms="4447" status="PASS">
          <reporter-output>
          </reporter-output>
        </test-method> <!-- getdataFromParam -->
      </class> <!-- folder.P1 -->
    </test> <!-- Default test -->
  </suite> <!-- Default suite -->
</testng-results>
